#
# A fatal error has been detected by the Java Runtime Environment:
#
#  EXCEPTION_ACCESS_VIOLATION (0xc0000005) at pc=0x000000006cf4d780, pid=4248, tid=1468
#
# JRE version: OpenJDK Runtime Environment (11.0.4+10) (build 11.0.4+10-b304.69)
# Java VM: OpenJDK 64-Bit Server VM (11.0.4+10-b304.69, mixed mode, sharing, tiered, compressed oops, g1 gc, windows-amd64)
# Problematic frame:
# C  [nvoglv64.dll+0x9fd780]
#
# No core dump will be written. Minidumps are not enabled by default on client versions of Windows
#
# If you would like to submit a bug report, please visit:
#   http://bugreport.java.com/bugreport/crash.jsp
# The crash happened outside the Java Virtual Machine in native code.
# See problematic frame for where to report the bug.
#

---------------  S U M M A R Y ------------

Command Line: -javaagent:C:\Program Files\JetBrains\IntelliJ IDEA Community Edition 2019.2.3\lib\idea_rt.jar=61214:C:\Program Files\JetBrains\IntelliJ IDEA Community Edition 2019.2.3\bin -Dfile.encoding=UTF-8 Klicek

Host: Intel(R) Core(TM) i5-3570K CPU @ 3.40GHz, 4 cores, 7G,  Windows 10 , 64 bit Build 18362 (10.0.18362.329)
Time: Wed Oct 16 19:16:12 2019 Stoední Evropa (letní eas) elapsed time: 1 seconds (0d 0h 0m 1s)

---------------  T H R E A D  ---------------

Current thread (0x0000028caa143000):  JavaThread "main" [_thread_in_native, id=1468, stack(0x000000df55300000,0x000000df55400000)]

Stack: [0x000000df55300000,0x000000df55400000],  sp=0x000000df553fedf0,  free space=1019k
Native frames: (J=compiled Java code, j=interpreted, Vv=VM code, C=native code)
C  [nvoglv64.dll+0x9fd780]

Java frames: (J=compiled Java code, j=interpreted, Vv=VM code)
j  org.lwjgl.opengl.GL11C.nglDrawElements(IIIJ)V+0
j  org.lwjgl.opengl.GL11C.glDrawElements(IIIJ)V+4
j  org.lwjgl.opengl.GL11.glDrawElements(IIIJ)V+4
j  Klicek.loop()V+33
j  Klicek.run()V+19
j  Klicek.main([Ljava/lang/String;)V+7
v  ~StubRoutines::call_stub

siginfo: EXCEPTION_ACCESS_VIOLATION (0xc0000005), reading address 0x0000000000000000


Register to memory mapping:

RIP=0x000000006cf4d780 nvoglv64.dll
RAX=0x0000000000000002 is an unknown value
RBX=0x0 is NULL
RCX=0x0 is NULL
RDX=0x000000ac804d9886 is an unknown value
RSP=0x000000df553fedf0 is pointing into the stack for thread: 0x0000028caa143000
RBP=0x0000028cc81b1080 points into unknown readable memory: 00 00 00 00 00 00 00 00
RSI=0x0000000000000003 is an unknown value
RDI=0x0000000000000003 is an unknown value
R8 =0x000000000000003b is an unknown value
R9 =0x0 is NULL
R10=0x00000000546c6148 is an unknown value
R11=0x00000039ada157ed is an unknown value
R12=0x0 is NULL
R13=0x0000000000000002 is an unknown value
R14=0x0 is NULL
R15=0x0000000000001403 is an unknown value


Registers:
RAX=0x0000000000000002, RBX=0x0000000000000000, RCX=0x0000000000000000, RDX=0x000000ac804d9886
RSP=0x000000df553fedf0, RBP=0x0000028cc81b1080, RSI=0x0000000000000003, RDI=0x0000000000000003
R8 =0x000000000000003b, R9 =0x0000000000000000, R10=0x00000000546c6148, R11=0x00000039ada157ed
R12=0x0000000000000000, R13=0x0000000000000002, R14=0x0000000000000000, R15=0x0000000000001403
RIP=0x000000006cf4d780, EFLAGS=0x0000000000010246

Top of Stack: (sp=0x000000df553fedf0)
0x000000df553fedf0:   0000000000000004 0000000000000000
0x000000df553fee00:   0000028cc5252d00 0000000000000000
0x000000df553fee10:   0000028cc4803a90 0000000000000000
0x000000df553fee20:   0000000000000000 00007ffd85082100
0x000000df553fee30:   0000000000000000 0000000000000000
0x000000df553fee40:   0000028cc81b1e18 0000000000000000
0x000000df553fee50:   0000000000001403 0000028caa143000
0x000000df553fee60:   0000000000000000 0000000000000004
0x000000df553fee70:   0000028cc81b1080 000000df553fefb0
0x000000df553fee80:   0000000000000000 000000006cbda6e6
0x000000df553fee90:   000000df553fefb0 0000028c00000004
0x000000df553feea0:   0000000000000003 00007ffd84e5a9db
0x000000df553feeb0:   0000028c00000003 0000028c00000006
0x000000df553feec0:   0000000000000000 0000000000000000
0x000000df553feed0:   0000028ccec6de00 0000028caa143000
0x000000df553feee0:   0000028cae089e73 0000028cae08eec0 

Instructions: (pc=0x000000006cf4d780)
0x000000006cf4d680:   03 45 8b 50 14 d3 e2 41 f7 d2 45 23 50 0c 41 8b
0x000000006cf4d690:   48 18 41 0b ca 89 94 24 c8 00 00 00 f7 d1 41 23
0x000000006cf4d6a0:   48 10 41 80 78 1e 00 0f 85 10 06 00 00 80 bd 1c
0x000000006cf4d6b0:   eb 54 00 00 0f 85 03 06 00 00 85 ff 0f 8e fb 05
0x000000006cf4d6c0:   00 00 3b 95 28 ed 54 00 0f 8f ef 05 00 00 41 83
0x000000006cf4d6d0:   78 08 00 0f 85 e4 05 00 00 41 80 78 1d 00 0f 85
0x000000006cf4d6e0:   d9 05 00 00 41 80 78 1c 00 0f 85 ce 05 00 00 80
0x000000006cf4d6f0:   bd 25 39 54 00 00 0f 85 c1 05 00 00 80 bd 2c 39
0x000000006cf4d700:   54 00 00 0f 85 b4 05 00 00 f7 c1 00 00 03 00 0f
0x000000006cf4d710:   85 a8 05 00 00 44 0b d1 45 85 50 20 0f 85 9b 05
0x000000006cf4d720:   00 00 48 89 b4 24 b0 00 00 00 48 8d 8d 80 ee 54
0x000000006cf4d730:   00 ba 01 00 00 00 4c 89 6c 24 60 e8 60 24 e7 ff
0x000000006cf4d740:   41 81 ff 05 14 00 00 75 20 48 8b 9c 24 d0 00 00
0x000000006cf4d750:   00 8d 47 ff 4c 63 e8 8b 0b 42 8b 04 ab 3b c8 8b
0x000000006cf4d760:   f0 0f 47 f1 0f 42 c1 eb 6e 41 81 ff 03 14 00 00
0x000000006cf4d770:   75 2c 48 8b 9c 24 d0 00 00 00 8d 47 ff 4c 63 e8
0x000000006cf4d780:   0f b7 13 42 0f b7 0c 6b 0f b7 c1 66 3b d1 66 0f
0x000000006cf4d790:   47 c2 66 0f 42 ca 0f b7 f0 0f b7 c1 eb 39 41 81
0x000000006cf4d7a0:   ff 01 14 00 00 0f 85 d8 04 00 00 48 8b 9c 24 d0
0x000000006cf4d7b0:   00 00 00 8d 47 ff 4c 63 e8 44 0f b6 03 42 0f b6
0x000000006cf4d7c0:   14 2b 44 3a c2 8b ca 41 0f 47 c8 0f b6 f1 8b ca
0x000000006cf4d7d0:   41 0f 42 c8 0f b6 c1 48 8b 4c 24 50 2b f0 e8 cd
0x000000006cf4d7e0:   08 00 00 48 8b 44 24 50 44 8b 58 78 41 8b c3 0f
0x000000006cf4d7f0:   af c6 44 89 9c 24 c0 00 00 00 3b 85 2c ed 54 00
0x000000006cf4d800:   7e 55 0f b6 84 24 e0 00 00 00 45 8b ce 88 44 24
0x000000006cf4d810:   40 45 8b c4 8b 84 24 d8 00 00 00 89 44 24 38 48
0x000000006cf4d820:   89 5c 24 30 44 89 7c 24 28 89 7c 24 20 8b 94 24
0x000000006cf4d830:   a8 00 00 00 48 8b cd e8 e4 09 00 00 48 8b b4 24
0x000000006cf4d840:   b0 00 00 00 4c 8b 6c 24 60 48 83 c4 68 41 5f 41
0x000000006cf4d850:   5e 41 5c 5f 5d 5b c3 41 81 ff 05 14 00 00 75 3f
0x000000006cf4d860:   44 8b 0b 45 8b f1 48 8d 4b 04 83 ff 01 0f 8e c7
0x000000006cf4d870:   00 00 00 8d 57 ff 66 66 0f 1f 84 00 00 00 00 00 


Stack slot to memory mapping:
stack at sp + 0 slots: 0x0000000000000004 is an unknown value
stack at sp + 1 slots: 0x0 is NULL
stack at sp + 2 slots: 0x0000028cc5252d00 points into unknown readable memory: 00 00 00 00 00 00 00 00
stack at sp + 3 slots: 0x0 is NULL
stack at sp + 4 slots: 0x0000028cc4803a90 points into unknown readable memory: 00 00 00 00 00 00 00 00
stack at sp + 5 slots: 0x0 is NULL
stack at sp + 6 slots: 0x0 is NULL
stack at sp + 7 slots: 0x00007ffd85082100 jvm.dll


---------------  P R O C E S S  ---------------

Threads class SMR info:
_java_thread_list=0x0000028cc6a58a30, length=12, elements={
0x0000028caa143000, 0x0000028cc47fd800, 0x0000028cc4801800, 0x0000028cc481d800,
0x0000028cc481f800, 0x0000028cc4822800, 0x0000028cc4824000, 0x0000028cc519c800,
0x0000028cc524d000, 0x0000028cc56ae000, 0x0000028cc56ae800, 0x0000028cc69ae000
}

Java Threads: ( => current thread )
=>0x0000028caa143000 JavaThread "main" [_thread_in_native, id=1468, stack(0x000000df55300000,0x000000df55400000)]
  0x0000028cc47fd800 JavaThread "Reference Handler" daemon [_thread_blocked, id=10004, stack(0x000000df55a00000,0x000000df55b00000)]
  0x0000028cc4801800 JavaThread "Finalizer" daemon [_thread_blocked, id=2792, stack(0x000000df55b00000,0x000000df55c00000)]
  0x0000028cc481d800 JavaThread "Signal Dispatcher" daemon [_thread_blocked, id=9760, stack(0x000000df55c00000,0x000000df55d00000)]
  0x0000028cc481f800 JavaThread "Attach Listener" daemon [_thread_blocked, id=9552, stack(0x000000df55d00000,0x000000df55e00000)]
  0x0000028cc4822800 JavaThread "C2 CompilerThread0" daemon [_thread_blocked, id=8128, stack(0x000000df55e00000,0x000000df55f00000)]
  0x0000028cc4824000 JavaThread "C1 CompilerThread0" daemon [_thread_blocked, id=452, stack(0x000000df55f00000,0x000000df56000000)]
  0x0000028cc519c800 JavaThread "Sweeper thread" daemon [_thread_blocked, id=8764, stack(0x000000df56000000,0x000000df56100000)]
  0x0000028cc524d000 JavaThread "Common-Cleaner" daemon [_thread_blocked, id=1264, stack(0x000000df56100000,0x000000df56200000)]
  0x0000028cc56ae000 JavaThread "Monitor Ctrl-Break" daemon [_thread_in_native, id=7708, stack(0x000000df56200000,0x000000df56300000)]
  0x0000028cc56ae800 JavaThread "Service Thread" daemon [_thread_blocked, id=5852, stack(0x000000df56300000,0x000000df56400000)]
  0x0000028cc69ae000 JavaThread "C2 CompilerThread1" daemon [_thread_blocked, id=1596, stack(0x000000df56500000,0x000000df56600000)]

Other Threads:
  0x0000028cc47f7000 VMThread "VM Thread" [stack: 0x000000df55900000,0x000000df55a00000] [id=680]
  0x0000028cc5547000 WatcherThread [stack: 0x000000df56400000,0x000000df56500000] [id=8132]
  0x0000028caa15b000 GCTaskThread "GC Thread#0" [stack: 0x000000df55400000,0x000000df55500000] [id=4148]
  0x0000028cc5a49800 GCTaskThread "GC Thread#1" [stack: 0x000000df56600000,0x000000df56700000] [id=7768]
  0x0000028cc5a4a000 GCTaskThread "GC Thread#2" [stack: 0x000000df56700000,0x000000df56800000] [id=4796]
  0x0000028caa18a800 ConcurrentGCThread "G1 Main Marker" [stack: 0x000000df55500000,0x000000df55600000] [id=5584]
  0x0000028caa18d800 ConcurrentGCThread "G1 Conc#0" [stack: 0x000000df55600000,0x000000df55700000] [id=7564]
  0x0000028cc4690800 ConcurrentGCThread "G1 Refine#0" [stack: 0x000000df55700000,0x000000df55800000] [id=4864]
  0x0000028cc4691800 ConcurrentGCThread "G1 Young RemSet Sampling" [stack: 0x000000df55800000,0x000000df55900000] [id=3228]

Threads with active compile tasks:

VM state:not at safepoint (normal execution)

VM Mutex/Monitor currently owned by a thread: None

Heap address: 0x0000000080c00000, size: 2036 MB, Compressed Oops mode: 32-bit
Narrow klass base: 0x0000000800000000, Narrow klass shift: 3
Compressed class space size: 1073741824 Address: 0x0000000840000000

Heap:
 garbage-first heap   total 131072K, used 29869K [0x0000000080c00000, 0x0000000100000000)
  region size 1024K, 30 young (30720K), 2 survivors (2048K)
 Metaspace       used 7488K, capacity 9811K, committed 9856K, reserved 1058816K
  class space    used 512K, capacity 863K, committed 896K, reserved 1048576K
Heap Regions: E=young(eden), S=young(survivor), O=old, HS=humongous(starts), HC=humongous(continues), CS=collection set, F=free, A=archive, TAMS=top-at-mark-start (previous, next)
|   0|0x0000000080c00000, 0x0000000080c2b600, 0x0000000080d00000| 16%| O|  |TAMS 0x0000000080c00000, 0x0000000080c00000| Untracked 
|   1|0x0000000080d00000, 0x0000000080d00000, 0x0000000080e00000|  0%| F|  |TAMS 0x0000000080d00000, 0x0000000080d00000| Untracked 
|   2|0x0000000080e00000, 0x0000000080e00000, 0x0000000080f00000|  0%| F|  |TAMS 0x0000000080e00000, 0x0000000080e00000| Untracked 
|   3|0x0000000080f00000, 0x0000000080f00000, 0x0000000081000000|  0%| F|  |TAMS 0x0000000080f00000, 0x0000000080f00000| Untracked 
|   4|0x0000000081000000, 0x0000000081000000, 0x0000000081100000|  0%| F|  |TAMS 0x0000000081000000, 0x0000000081000000| Untracked 
|   5|0x0000000081100000, 0x0000000081100000, 0x0000000081200000|  0%| F|  |TAMS 0x0000000081100000, 0x0000000081100000| Untracked 
|   6|0x0000000081200000, 0x0000000081200000, 0x0000000081300000|  0%| F|  |TAMS 0x0000000081200000, 0x0000000081200000| Untracked 
|   7|0x0000000081300000, 0x0000000081300000, 0x0000000081400000|  0%| F|  |TAMS 0x0000000081300000, 0x0000000081300000| Untracked 
|   8|0x0000000081400000, 0x0000000081400000, 0x0000000081500000|  0%| F|  |TAMS 0x0000000081400000, 0x0000000081400000| Untracked 
|   9|0x0000000081500000, 0x0000000081500000, 0x0000000081600000|  0%| F|  |TAMS 0x0000000081500000, 0x0000000081500000| Untracked 
|  10|0x0000000081600000, 0x0000000081600000, 0x0000000081700000|  0%| F|  |TAMS 0x0000000081600000, 0x0000000081600000| Untracked 
|  11|0x0000000081700000, 0x0000000081700000, 0x0000000081800000|  0%| F|  |TAMS 0x0000000081700000, 0x0000000081700000| Untracked 
|  12|0x0000000081800000, 0x0000000081800000, 0x0000000081900000|  0%| F|  |TAMS 0x0000000081800000, 0x0000000081800000| Untracked 
|  13|0x0000000081900000, 0x0000000081900000, 0x0000000081a00000|  0%| F|  |TAMS 0x0000000081900000, 0x0000000081900000| Untracked 
|  14|0x0000000081a00000, 0x0000000081a00000, 0x0000000081b00000|  0%| F|  |TAMS 0x0000000081a00000, 0x0000000081a00000| Untracked 
|  15|0x0000000081b00000, 0x0000000081b00000, 0x0000000081c00000|  0%| F|  |TAMS 0x0000000081b00000, 0x0000000081b00000| Untracked 
|  16|0x0000000081c00000, 0x0000000081c00000, 0x0000000081d00000|  0%| F|  |TAMS 0x0000000081c00000, 0x0000000081c00000| Untracked 
|  17|0x0000000081d00000, 0x0000000081d00000, 0x0000000081e00000|  0%| F|  |TAMS 0x0000000081d00000, 0x0000000081d00000| Untracked 
|  18|0x0000000081e00000, 0x0000000081e00000, 0x0000000081f00000|  0%| F|  |TAMS 0x0000000081e00000, 0x0000000081e00000| Untracked 
|  19|0x0000000081f00000, 0x0000000081f00000, 0x0000000082000000|  0%| F|  |TAMS 0x0000000081f00000, 0x0000000081f00000| Untracked 
|  20|0x0000000082000000, 0x0000000082000000, 0x0000000082100000|  0%| F|  |TAMS 0x0000000082000000, 0x0000000082000000| Untracked 
|  21|0x0000000082100000, 0x0000000082100000, 0x0000000082200000|  0%| F|  |TAMS 0x0000000082100000, 0x0000000082100000| Untracked 
|  22|0x0000000082200000, 0x0000000082200000, 0x0000000082300000|  0%| F|  |TAMS 0x0000000082200000, 0x0000000082200000| Untracked 
|  23|0x0000000082300000, 0x0000000082300000, 0x0000000082400000|  0%| F|  |TAMS 0x0000000082300000, 0x0000000082300000| Untracked 
|  24|0x0000000082400000, 0x0000000082400000, 0x0000000082500000|  0%| F|  |TAMS 0x0000000082400000, 0x0000000082400000| Untracked 
|  25|0x0000000082500000, 0x0000000082500000, 0x0000000082600000|  0%| F|  |TAMS 0x0000000082500000, 0x0000000082500000| Untracked 
|  26|0x0000000082600000, 0x0000000082600000, 0x0000000082700000|  0%| F|  |TAMS 0x0000000082600000, 0x0000000082600000| Untracked 
|  27|0x0000000082700000, 0x0000000082700000, 0x0000000082800000|  0%| F|  |TAMS 0x0000000082700000, 0x0000000082700000| Untracked 
|  28|0x0000000082800000, 0x0000000082800000, 0x0000000082900000|  0%| F|  |TAMS 0x0000000082800000, 0x0000000082800000| Untracked 
|  29|0x0000000082900000, 0x0000000082900000, 0x0000000082a00000|  0%| F|  |TAMS 0x0000000082900000, 0x0000000082900000| Untracked 
|  30|0x0000000082a00000, 0x0000000082a00000, 0x0000000082b00000|  0%| F|  |TAMS 0x0000000082a00000, 0x0000000082a00000| Untracked 
|  31|0x0000000082b00000, 0x0000000082b00000, 0x0000000082c00000|  0%| F|  |TAMS 0x0000000082b00000, 0x0000000082b00000| Untracked 
|  32|0x0000000082c00000, 0x0000000082c00000, 0x0000000082d00000|  0%| F|  |TAMS 0x0000000082c00000, 0x0000000082c00000| Untracked 
|  33|0x0000000082d00000, 0x0000000082d00000, 0x0000000082e00000|  0%| F|  |TAMS 0x0000000082d00000, 0x0000000082d00000| Untracked 
|  34|0x0000000082e00000, 0x0000000082e00000, 0x0000000082f00000|  0%| F|  |TAMS 0x0000000082e00000, 0x0000000082e00000| Untracked 
|  35|0x0000000082f00000, 0x0000000082f00000, 0x0000000083000000|  0%| F|  |TAMS 0x0000000082f00000, 0x0000000082f00000| Untracked 
|  36|0x0000000083000000, 0x0000000083000000, 0x0000000083100000|  0%| F|  |TAMS 0x0000000083000000, 0x0000000083000000| Untracked 
|  37|0x0000000083100000, 0x0000000083100000, 0x0000000083200000|  0%| F|  |TAMS 0x0000000083100000, 0x0000000083100000| Untracked 
|  38|0x0000000083200000, 0x0000000083200000, 0x0000000083300000|  0%| F|  |TAMS 0x0000000083200000, 0x0000000083200000| Untracked 
|  39|0x0000000083300000, 0x0000000083300000, 0x0000000083400000|  0%| F|  |TAMS 0x0000000083300000, 0x0000000083300000| Untracked 
|  40|0x0000000083400000, 0x0000000083400000, 0x0000000083500000|  0%| F|  |TAMS 0x0000000083400000, 0x0000000083400000| Untracked 
|  41|0x0000000083500000, 0x0000000083500000, 0x0000000083600000|  0%| F|  |TAMS 0x0000000083500000, 0x0000000083500000| Untracked 
|  42|0x0000000083600000, 0x0000000083600000, 0x0000000083700000|  0%| F|  |TAMS 0x0000000083600000, 0x0000000083600000| Untracked 
|  43|0x0000000083700000, 0x0000000083700000, 0x0000000083800000|  0%| F|  |TAMS 0x0000000083700000, 0x0000000083700000| Untracked 
|  44|0x0000000083800000, 0x0000000083800000, 0x0000000083900000|  0%| F|  |TAMS 0x0000000083800000, 0x0000000083800000| Untracked 
|  45|0x0000000083900000, 0x0000000083900000, 0x0000000083a00000|  0%| F|  |TAMS 0x0000000083900000, 0x0000000083900000| Untracked 
|  46|0x0000000083a00000, 0x0000000083a00000, 0x0000000083b00000|  0%| F|  |TAMS 0x0000000083a00000, 0x0000000083a00000| Untracked 
|  47|0x0000000083b00000, 0x0000000083b00000, 0x0000000083c00000|  0%| F|  |TAMS 0x0000000083b00000, 0x0000000083b00000| Untracked 
|  48|0x0000000083c00000, 0x0000000083c00000, 0x0000000083d00000|  0%| F|  |TAMS 0x0000000083c00000, 0x0000000083c00000| Untracked 
|  49|0x0000000083d00000, 0x0000000083d00000, 0x0000000083e00000|  0%| F|  |TAMS 0x0000000083d00000, 0x0000000083d00000| Untracked 
|  50|0x0000000083e00000, 0x0000000083e00000, 0x0000000083f00000|  0%| F|  |TAMS 0x0000000083e00000, 0x0000000083e00000| Untracked 
|  51|0x0000000083f00000, 0x0000000083f00000, 0x0000000084000000|  0%| F|  |TAMS 0x0000000083f00000, 0x0000000083f00000| Untracked 
|  52|0x0000000084000000, 0x0000000084000000, 0x0000000084100000|  0%| F|  |TAMS 0x0000000084000000, 0x0000000084000000| Untracked 
|  53|0x0000000084100000, 0x0000000084100000, 0x0000000084200000|  0%| F|  |TAMS 0x0000000084100000, 0x0000000084100000| Untracked 
|  54|0x0000000084200000, 0x0000000084200000, 0x0000000084300000|  0%| F|  |TAMS 0x0000000084200000, 0x0000000084200000| Untracked 
|  55|0x0000000084300000, 0x0000000084300000, 0x0000000084400000|  0%| F|  |TAMS 0x0000000084300000, 0x0000000084300000| Untracked 
|  56|0x0000000084400000, 0x0000000084400000, 0x0000000084500000|  0%| F|  |TAMS 0x0000000084400000, 0x0000000084400000| Untracked 
|  57|0x0000000084500000, 0x0000000084500000, 0x0000000084600000|  0%| F|  |TAMS 0x0000000084500000, 0x0000000084500000| Untracked 
|  58|0x0000000084600000, 0x0000000084600000, 0x0000000084700000|  0%| F|  |TAMS 0x0000000084600000, 0x0000000084600000| Untracked 
|  59|0x0000000084700000, 0x0000000084700000, 0x0000000084800000|  0%| F|  |TAMS 0x0000000084700000, 0x0000000084700000| Untracked 
|  60|0x0000000084800000, 0x0000000084800000, 0x0000000084900000|  0%| F|  |TAMS 0x0000000084800000, 0x0000000084800000| Untracked 
|  61|0x0000000084900000, 0x0000000084900000, 0x0000000084a00000|  0%| F|  |TAMS 0x0000000084900000, 0x0000000084900000| Untracked 
|  62|0x0000000084a00000, 0x0000000084a00000, 0x0000000084b00000|  0%| F|  |TAMS 0x0000000084a00000, 0x0000000084a00000| Untracked 
|  63|0x0000000084b00000, 0x0000000084b00000, 0x0000000084c00000|  0%| F|  |TAMS 0x0000000084b00000, 0x0000000084b00000| Untracked 
|  64|0x0000000084c00000, 0x0000000084c00000, 0x0000000084d00000|  0%| F|  |TAMS 0x0000000084c00000, 0x0000000084c00000| Untracked 
|  65|0x0000000084d00000, 0x0000000084d00000, 0x0000000084e00000|  0%| F|  |TAMS 0x0000000084d00000, 0x0000000084d00000| Untracked 
|  66|0x0000000084e00000, 0x0000000084e00000, 0x0000000084f00000|  0%| F|  |TAMS 0x0000000084e00000, 0x0000000084e00000| Untracked 
|  67|0x0000000084f00000, 0x0000000084f00000, 0x0000000085000000|  0%| F|  |TAMS 0x0000000084f00000, 0x0000000084f00000| Untracked 
|  68|0x0000000085000000, 0x0000000085000000, 0x0000000085100000|  0%| F|  |TAMS 0x0000000085000000, 0x0000000085000000| Untracked 
|  69|0x0000000085100000, 0x0000000085100000, 0x0000000085200000|  0%| F|  |TAMS 0x0000000085100000, 0x0000000085100000| Untracked 
|  70|0x0000000085200000, 0x0000000085200000, 0x0000000085300000|  0%| F|  |TAMS 0x0000000085200000, 0x0000000085200000| Untracked 
|  71|0x0000000085300000, 0x0000000085300000, 0x0000000085400000|  0%| F|  |TAMS 0x0000000085300000, 0x0000000085300000| Untracked 
|  72|0x0000000085400000, 0x0000000085400000, 0x0000000085500000|  0%| F|  |TAMS 0x0000000085400000, 0x0000000085400000| Untracked 
|  73|0x0000000085500000, 0x0000000085500000, 0x0000000085600000|  0%| F|  |TAMS 0x0000000085500000, 0x0000000085500000| Untracked 
|  74|0x0000000085600000, 0x0000000085600000, 0x0000000085700000|  0%| F|  |TAMS 0x0000000085600000, 0x0000000085600000| Untracked 
|  75|0x0000000085700000, 0x0000000085700000, 0x0000000085800000|  0%| F|  |TAMS 0x0000000085700000, 0x0000000085700000| Untracked 
|  76|0x0000000085800000, 0x0000000085800000, 0x0000000085900000|  0%| F|  |TAMS 0x0000000085800000, 0x0000000085800000| Untracked 
|  77|0x0000000085900000, 0x0000000085900000, 0x0000000085a00000|  0%| F|  |TAMS 0x0000000085900000, 0x0000000085900000| Untracked 
|  78|0x0000000085a00000, 0x0000000085a00000, 0x0000000085b00000|  0%| F|  |TAMS 0x0000000085a00000, 0x0000000085a00000| Untracked 
|  79|0x0000000085b00000, 0x0000000085b00000, 0x0000000085c00000|  0%| F|  |TAMS 0x0000000085b00000, 0x0000000085b00000| Untracked 
|  80|0x0000000085c00000, 0x0000000085c00000, 0x0000000085d00000|  0%| F|  |TAMS 0x0000000085c00000, 0x0000000085c00000| Untracked 
|  81|0x0000000085d00000, 0x0000000085d00000, 0x0000000085e00000|  0%| F|  |TAMS 0x0000000085d00000, 0x0000000085d00000| Untracked 
|  82|0x0000000085e00000, 0x0000000085e00000, 0x0000000085f00000|  0%| F|  |TAMS 0x0000000085e00000, 0x0000000085e00000| Untracked 
|  83|0x0000000085f00000, 0x0000000085f00000, 0x0000000086000000|  0%| F|  |TAMS 0x0000000085f00000, 0x0000000085f00000| Untracked 
|  84|0x0000000086000000, 0x0000000086000000, 0x0000000086100000|  0%| F|  |TAMS 0x0000000086000000, 0x0000000086000000| Untracked 
|  85|0x0000000086100000, 0x0000000086100000, 0x0000000086200000|  0%| F|  |TAMS 0x0000000086100000, 0x0000000086100000| Untracked 
|  86|0x0000000086200000, 0x0000000086200000, 0x0000000086300000|  0%| F|  |TAMS 0x0000000086200000, 0x0000000086200000| Untracked 
|  87|0x0000000086300000, 0x0000000086300000, 0x0000000086400000|  0%| F|  |TAMS 0x0000000086300000, 0x0000000086300000| Untracked 
|  88|0x0000000086400000, 0x0000000086400000, 0x0000000086500000|  0%| F|  |TAMS 0x0000000086400000, 0x0000000086400000| Untracked 
|  89|0x0000000086500000, 0x0000000086500000, 0x0000000086600000|  0%| F|  |TAMS 0x0000000086500000, 0x0000000086500000| Untracked 
|  90|0x0000000086600000, 0x0000000086600000, 0x0000000086700000|  0%| F|  |TAMS 0x0000000086600000, 0x0000000086600000| Untracked 
|  91|0x0000000086700000, 0x0000000086700000, 0x0000000086800000|  0%| F|  |TAMS 0x0000000086700000, 0x0000000086700000| Untracked 
|  92|0x0000000086800000, 0x0000000086800000, 0x0000000086900000|  0%| F|  |TAMS 0x0000000086800000, 0x0000000086800000| Untracked 
|  93|0x0000000086900000, 0x0000000086900000, 0x0000000086a00000|  0%| F|  |TAMS 0x0000000086900000, 0x0000000086900000| Untracked 
|  94|0x0000000086a00000, 0x0000000086a00000, 0x0000000086b00000|  0%| F|  |TAMS 0x0000000086a00000, 0x0000000086a00000| Untracked 
|  95|0x0000000086b00000, 0x0000000086b00000, 0x0000000086c00000|  0%| F|  |TAMS 0x0000000086b00000, 0x0000000086b00000| Untracked 
|  96|0x0000000086c00000, 0x0000000086c00000, 0x0000000086d00000|  0%| F|  |TAMS 0x0000000086c00000, 0x0000000086c00000| Untracked 
|  97|0x0000000086d00000, 0x0000000086d00000, 0x0000000086e00000|  0%| F|  |TAMS 0x0000000086d00000, 0x0000000086d00000| Untracked 
|  98|0x0000000086e00000, 0x0000000086f00000, 0x0000000086f00000|100%| E|  |TAMS 0x0000000086e00000, 0x0000000086e00000| Complete 
|  99|0x0000000086f00000, 0x0000000087000000, 0x0000000087000000|100%| E|CS|TAMS 0x0000000086f00000, 0x0000000086f00000| Complete 
| 100|0x0000000087000000, 0x0000000087100000, 0x0000000087100000|100%| E|CS|TAMS 0x0000000087000000, 0x0000000087000000| Complete 
| 101|0x0000000087100000, 0x0000000087200000, 0x0000000087200000|100%| E|CS|TAMS 0x0000000087100000, 0x0000000087100000| Complete 
| 102|0x0000000087200000, 0x0000000087300000, 0x0000000087300000|100%| E|CS|TAMS 0x0000000087200000, 0x0000000087200000| Complete 
| 103|0x0000000087300000, 0x0000000087400000, 0x0000000087400000|100%| E|CS|TAMS 0x0000000087300000, 0x0000000087300000| Complete 
| 104|0x0000000087400000, 0x0000000087500000, 0x0000000087500000|100%| E|CS|TAMS 0x0000000087400000, 0x0000000087400000| Complete 
| 105|0x0000000087500000, 0x0000000087600000, 0x0000000087600000|100%| E|CS|TAMS 0x0000000087500000, 0x0000000087500000| Complete 
| 106|0x0000000087600000, 0x0000000087700000, 0x0000000087700000|100%| E|CS|TAMS 0x0000000087600000, 0x0000000087600000| Complete 
| 107|0x0000000087700000, 0x0000000087800000, 0x0000000087800000|100%| E|CS|TAMS 0x0000000087700000, 0x0000000087700000| Complete 
| 108|0x0000000087800000, 0x0000000087900000, 0x0000000087900000|100%| E|CS|TAMS 0x0000000087800000, 0x0000000087800000| Complete 
| 109|0x0000000087900000, 0x0000000087a00000, 0x0000000087a00000|100%| E|CS|TAMS 0x0000000087900000, 0x0000000087900000| Complete 
| 110|0x0000000087a00000, 0x0000000087b00000, 0x0000000087b00000|100%| E|CS|TAMS 0x0000000087a00000, 0x0000000087a00000| Complete 
| 111|0x0000000087b00000, 0x0000000087c00000, 0x0000000087c00000|100%| E|CS|TAMS 0x0000000087b00000, 0x0000000087b00000| Complete 
| 112|0x0000000087c00000, 0x0000000087d00000, 0x0000000087d00000|100%| S|CS|TAMS 0x0000000087c00000, 0x0000000087c00000| Complete 
| 113|0x0000000087d00000, 0x0000000087e00000, 0x0000000087e00000|100%| S|CS|TAMS 0x0000000087d00000, 0x0000000087d00000| Complete 
| 114|0x0000000087e00000, 0x0000000087f00000, 0x0000000087f00000|100%| E|CS|TAMS 0x0000000087e00000, 0x0000000087e00000| Complete 
| 115|0x0000000087f00000, 0x0000000088000000, 0x0000000088000000|100%| E|CS|TAMS 0x0000000087f00000, 0x0000000087f00000| Complete 
| 116|0x0000000088000000, 0x0000000088100000, 0x0000000088100000|100%| E|CS|TAMS 0x0000000088000000, 0x0000000088000000| Complete 
| 117|0x0000000088100000, 0x0000000088200000, 0x0000000088200000|100%| E|CS|TAMS 0x0000000088100000, 0x0000000088100000| Complete 
| 118|0x0000000088200000, 0x0000000088300000, 0x0000000088300000|100%| E|CS|TAMS 0x0000000088200000, 0x0000000088200000| Complete 
| 119|0x0000000088300000, 0x0000000088400000, 0x0000000088400000|100%| E|CS|TAMS 0x0000000088300000, 0x0000000088300000| Complete 
| 120|0x0000000088400000, 0x0000000088500000, 0x0000000088500000|100%| E|CS|TAMS 0x0000000088400000, 0x0000000088400000| Complete 
| 121|0x0000000088500000, 0x0000000088600000, 0x0000000088600000|100%| E|CS|TAMS 0x0000000088500000, 0x0000000088500000| Complete 
| 122|0x0000000088600000, 0x0000000088700000, 0x0000000088700000|100%| E|CS|TAMS 0x0000000088600000, 0x0000000088600000| Complete 
| 123|0x0000000088700000, 0x0000000088800000, 0x0000000088800000|100%| E|CS|TAMS 0x0000000088700000, 0x0000000088700000| Complete 
| 124|0x0000000088800000, 0x0000000088900000, 0x0000000088900000|100%| E|CS|TAMS 0x0000000088800000, 0x0000000088800000| Complete 
| 125|0x0000000088900000, 0x0000000088a00000, 0x0000000088a00000|100%| E|CS|TAMS 0x0000000088900000, 0x0000000088900000| Complete 
| 126|0x0000000088a00000, 0x0000000088b00000, 0x0000000088b00000|100%| E|CS|TAMS 0x0000000088a00000, 0x0000000088a00000| Complete 
| 127|0x0000000088b00000, 0x0000000088c00000, 0x0000000088c00000|100%| E|CS|TAMS 0x0000000088b00000, 0x0000000088b00000| Complete 

Card table byte_map: [0x0000028cbdaa0000,0x0000028cbdea0000] _byte_map_base: 0x0000028cbd69a000

Marking Bits (Prev, Next): (CMBitMap*) 0x0000028caa181a28, (CMBitMap*) 0x0000028caa181a60
 Prev Bits: [0x0000028cbe2a0000, 0x0000028cc0270000)
 Next Bits: [0x0000028cc0270000, 0x0000028cc2240000)

Polling page: 0x0000028ca8850000

Metaspace:

Usage:
  Non-class:      8.74 MB capacity,     6.81 MB ( 78%) used,     1.89 MB ( 22%) free+waste,    38.94 KB ( <1%) overhead. 
      Class:    863.00 KB capacity,   512.10 KB ( 59%) used,   330.96 KB ( 38%) free+waste,    19.94 KB (  2%) overhead. 
       Both:      9.58 MB capacity,     7.31 MB ( 76%) used,     2.21 MB ( 23%) free+waste,    58.88 KB ( <1%) overhead. 

Virtual space:
  Non-class space:       10.00 MB reserved,       8.75 MB ( 88%) committed 
      Class space:        1.00 GB reserved,     896.00 KB ( <1%) committed 
             Both:        1.01 GB reserved,       9.63 MB ( <1%) committed 

Chunk freelists:
   Non-Class:  0 bytes
       Class:  0 bytes
        Both:  0 bytes

CodeHeap 'non-profiled nmethods': size=120064Kb used=543Kb max_used=543Kb free=119520Kb
 bounds [0x0000028cb5b40000, 0x0000028cb5db0000, 0x0000028cbd080000]
CodeHeap 'profiled nmethods': size=120000Kb used=2612Kb max_used=2612Kb free=117387Kb
 bounds [0x0000028cae610000, 0x0000028cae8a0000, 0x0000028cb5b40000]
CodeHeap 'non-nmethods': size=5696Kb used=1509Kb max_used=1537Kb free=4186Kb
 bounds [0x0000028cae080000, 0x0000028cae2f0000, 0x0000028cae610000]
 total_blobs=2667 nmethods=1341 adapters=939
 compilation: enabled
              stopped_count=0, restarted_count=0
 full_count=0

Compilation events (10 events):
Event: 1.247 Thread 0x0000028cc4824000 1337       3       java.util.Arrays::asList (9 bytes)
Event: 1.247 Thread 0x0000028cc4824000 nmethod 1337 0x0000028cae89b310 code [0x0000028cae89b500, 0x0000028cae89b9f0]
Event: 1.247 Thread 0x0000028cc4824000 1338       3       java.util.Arrays$ArrayList::<init> (16 bytes)
Event: 1.247 Thread 0x0000028cc4824000 nmethod 1338 0x0000028cae89bb90 code [0x0000028cae89bd80, 0x0000028cae89c1f0]
Event: 1.247 Thread 0x0000028cc4824000 1339       3       java.util.Arrays$ArrayList::iterator (12 bytes)
Event: 1.247 Thread 0x0000028cc4824000 nmethod 1339 0x0000028cae89c390 code [0x0000028cae89c560, 0x0000028cae89c858]
Event: 1.247 Thread 0x0000028cc4824000 1340       3       java.nio.ByteBuffer::position (6 bytes)
Event: 1.247 Thread 0x0000028cc4824000 nmethod 1340 0x0000028cae89c990 code [0x0000028cae89cb40, 0x0000028cae89cd90]
Event: 1.248 Thread 0x0000028cc4824000 1341       3       java.nio.charset.CoderResult::isUnderflow (13 bytes)
Event: 1.248 Thread 0x0000028cc4824000 nmethod 1341 0x0000028cae89ce10 code [0x0000028cae89cfc0, 0x0000028cae89d198]

GC Heap History (2 events):
Event: 0.288 GC heap before
{Heap before GC invocations=0 (full 0):
 garbage-first heap   total 131072K, used 14336K [0x0000000080c00000, 0x0000000100000000)
  region size 1024K, 14 young (14336K), 0 survivors (0K)
 Metaspace       used 2257K, capacity 5167K, committed 5376K, reserved 1056768K
  class space    used 208K, capacity 491K, committed 512K, reserved 1048576K
}
Event: 0.292 GC heap after
{Heap after GC invocations=1 (full 0):
 garbage-first heap   total 131072K, used 2221K [0x0000000080c00000, 0x0000000100000000)
  region size 1024K, 2 young (2048K), 2 survivors (2048K)
 Metaspace       used 2257K, capacity 5167K, committed 5376K, reserved 1056768K
  class space    used 208K, capacity 491K, committed 512K, reserved 1048576K
}

Deoptimization events (10 events):
Event: 1.203 Thread 0x0000028caa143000 DEOPT PACKING pc=0x0000028cb5baf0d0 sp=0x000000df553fd820
Event: 1.203 Thread 0x0000028caa143000 DEOPT UNPACKING pc=0x0000028cae0a91af sp=0x000000df553fd7c0 mode 2
Event: 1.226 Thread 0x0000028caa143000 Uncommon trap: trap_request=0xffffff4d fr.pc=0x0000028cb5b6de40 relative=0x00000000000000a0
Event: 1.226 Thread 0x0000028caa143000 Uncommon trap: reason=unstable_if action=reinterpret pc=0x0000028cb5b6de40 method=java.lang.Integer.stringSize(I)I @ 3 c2
Event: 1.226 Thread 0x0000028caa143000 DEOPT PACKING pc=0x0000028cb5b6de40 sp=0x000000df553fec40
Event: 1.226 Thread 0x0000028caa143000 DEOPT UNPACKING pc=0x0000028cae0a91af sp=0x000000df553febc8 mode 2
Event: 1.226 Thread 0x0000028caa143000 Uncommon trap: trap_request=0xffffff4d fr.pc=0x0000028cb5b6eec4 relative=0x0000000000000184
Event: 1.226 Thread 0x0000028caa143000 Uncommon trap: reason=unstable_if action=reinterpret pc=0x0000028cb5b6eec4 method=java.lang.Integer.getChars(II[B)I @ 4 c2
Event: 1.226 Thread 0x0000028caa143000 DEOPT PACKING pc=0x0000028cb5b6eec4 sp=0x000000df553feab0
Event: 1.226 Thread 0x0000028caa143000 DEOPT UNPACKING pc=0x0000028cae0a91af sp=0x000000df553fea40 mode 2

Classes redefined (0 events):
No events

Internal exceptions (10 events):
Event: 1.223 Thread 0x0000028caa143000 Exception <a 'java/lang/NoSuchMethodError'{0x0000000086f586d0}: 'java.lang.Object java.lang.invoke.DelegatingMethodHandle$Holder.reinvoke_L(java.lang.Object, int, int, java.lang.Object, int, int, int)'> (0x0000000086f586d0) thrown at [c:/BuildAgent/work/5
Event: 1.226 Thread 0x0000028caa143000 Exception <a 'java/lang/NoSuchMethodError'{0x0000000086f8ec58}: 'java.lang.Object java.lang.invoke.Invokers$Holder.linkToTargetMethod(java.lang.Object, int, int, int, java.lang.Object)'> (0x0000000086f8ec58) thrown at [c:/BuildAgent/work/5ff2f6c26000d570/
Event: 1.234 Thread 0x0000028caa143000 Exception <a 'java/lang/NoSuchMethodError'{0x0000000086ff1fe0}: 'java.lang.Object java.lang.invoke.DirectMethodHandle$Holder.invokeSpecial(java.lang.Object, java.lang.Object, int, int, java.lang.Object, int, java.lang.Object)'> (0x0000000086ff1fe0) thrown
Event: 1.234 Thread 0x0000028caa143000 Exception <a 'java/lang/NoSuchMethodError'{0x0000000086ff5470}: 'java.lang.Object java.lang.invoke.DelegatingMethodHandle$Holder.reinvoke_L(java.lang.Object, int, int, java.lang.Object, int, java.lang.Object)'> (0x0000000086ff5470) thrown at [c:/BuildAgen
Event: 1.234 Thread 0x0000028caa143000 Exception <a 'java/lang/NoSuchMethodError'{0x0000000086ff91b8}: 'java.lang.Object java.lang.invoke.DirectMethodHandle$Holder.invokeStatic(java.lang.Object, java.lang.Object, java.lang.Object, java.lang.Object, int)'> (0x0000000086ff91b8) thrown at [c:/Bui
Event: 1.235 Thread 0x0000028caa143000 Exception <a 'java/lang/NoSuchMethodError'{0x0000000086e0e068}: 'java.lang.Object java.lang.invoke.DirectMethodHandle$Holder.invokeStatic(java.lang.Object, java.lang.Object, java.lang.Object, java.lang.Object, int, int)'> (0x0000000086e0e068) thrown at [c
Event: 1.236 Thread 0x0000028caa143000 Exception <a 'java/lang/NoSuchMethodError'{0x0000000086e235f8}: 'java.lang.Object java.lang.invoke.DirectMethodHandle$Holder.invokeStatic(java.lang.Object, java.lang.Object, java.lang.Object, java.lang.Object, int, int, java.lang.Object)'> (0x0000000086e2
Event: 1.237 Thread 0x0000028caa143000 Exception <a 'java/lang/NoSuchMethodError'{0x0000000086e42520}: 'java.lang.Object java.lang.invoke.DirectMethodHandle$Holder.invokeSpecial(java.lang.Object, java.lang.Object, java.lang.Object, int, java.lang.Object)'> (0x0000000086e42520) thrown at [c:/Bu
Event: 1.238 Thread 0x0000028caa143000 Exception <a 'java/lang/NoSuchMethodError'{0x0000000086e45710}: 'java.lang.Object java.lang.invoke.Invokers$Holder.linkToTargetMethod(java.lang.Object, int, java.lang.Object, java.lang.Object)'> (0x0000000086e45710) thrown at [c:/BuildAgent/work/5ff2f6c26
Event: 1.239 Thread 0x0000028caa143000 Exception <a 'java/lang/NoSuchMethodError'{0x0000000086e50a40}: 'void java.lang.invoke.DirectMethodHandle$Holder.invokeStatic(java.lang.Object, int)'> (0x0000000086e50a40) thrown at [c:/BuildAgent/work/5ff2f6c26000d570/src/hotspot/share/interpreter/linkRe

Events (10 events):
Event: 1.240 loading class sun/net/ProgressMonitor
Event: 1.240 loading class sun/net/ProgressMonitor done
Event: 1.240 loading class sun/net/DefaultProgressMeteringPolicy
Event: 1.240 loading class sun/net/ProgressMeteringPolicy
Event: 1.240 loading class sun/net/ProgressMeteringPolicy done
Event: 1.240 loading class sun/net/DefaultProgressMeteringPolicy done
Event: 1.245 loading class org/lwjgl/system/APIUtil$Encoder
Event: 1.245 loading class org/lwjgl/system/APIUtil$Encoder done
Event: 1.245 loading class org/lwjgl/system/APIUtil$Encoder
Event: 1.245 loading class org/lwjgl/system/APIUtil$Encoder done


Dynamic libraries:
0x00007ff7063e0000 - 0x00007ff706427000 	C:\Program Files\JetBrains\IntelliJ IDEA Community Edition 2019.2.3\jbr\bin\java.exe
0x00007ffddc100000 - 0x00007ffddc2f0000 	C:\WINDOWS\SYSTEM32\ntdll.dll
0x00007ffddbb90000 - 0x00007ffddbc42000 	C:\WINDOWS\System32\KERNEL32.DLL
0x00007ffdd9bb0000 - 0x00007ffdd9e53000 	C:\WINDOWS\System32\KERNELBASE.dll
0x00007ffddbd90000 - 0x00007ffddbf24000 	C:\WINDOWS\System32\USER32.dll
0x00007ffdda0b0000 - 0x00007ffdda0d1000 	C:\WINDOWS\System32\win32u.dll
0x00007ffddc060000 - 0x00007ffddc086000 	C:\WINDOWS\System32\GDI32.dll
0x00007ffdd9e60000 - 0x00007ffdd9ff4000 	C:\WINDOWS\System32\gdi32full.dll
0x00007ffdd99e0000 - 0x00007ffdd9a7e000 	C:\WINDOWS\System32\msvcp_win.dll
0x00007ffdda100000 - 0x00007ffdda1fa000 	C:\WINDOWS\System32\ucrtbase.dll
0x00007ffdcdf10000 - 0x00007ffdce195000 	C:\WINDOWS\WinSxS\amd64_microsoft.windows.common-controls_6595b64144ccf1df_6.0.18362.418_none_e6c6b287130d565d\COMCTL32.dll
0x00007ffddbc50000 - 0x00007ffddbcee000 	C:\WINDOWS\System32\msvcrt.dll
0x00007ffdda230000 - 0x00007ffdda566000 	C:\WINDOWS\System32\combase.dll
0x00007ffddaae0000 - 0x00007ffddac00000 	C:\WINDOWS\System32\RPCRT4.dll
0x00007ffdd9b30000 - 0x00007ffdd9bb0000 	C:\WINDOWS\System32\bcryptPrimitives.dll
0x00007ffddc090000 - 0x00007ffddc0be000 	C:\WINDOWS\System32\IMM32.DLL
0x00007ffdc1ce0000 - 0x00007ffdc1cf7000 	C:\Program Files\JetBrains\IntelliJ IDEA Community Edition 2019.2.3\jbr\bin\vcruntime140.dll
0x00007ffda78a0000 - 0x00007ffda793d000 	C:\Program Files\JetBrains\IntelliJ IDEA Community Edition 2019.2.3\jbr\bin\msvcp140.dll
0x00007ffd84af0000 - 0x00007ffd855a8000 	C:\Program Files\JetBrains\IntelliJ IDEA Community Edition 2019.2.3\jbr\bin\server\jvm.dll
0x00007ffddacc0000 - 0x00007ffddad63000 	C:\WINDOWS\System32\ADVAPI32.dll
0x00007ffddbcf0000 - 0x00007ffddbd87000 	C:\WINDOWS\System32\sechost.dll
0x00007ffddb420000 - 0x00007ffddb428000 	C:\WINDOWS\System32\PSAPI.DLL
0x00007ffdd4720000 - 0x00007ffdd4729000 	C:\WINDOWS\SYSTEM32\WSOCK32.dll
0x00007ffddbb20000 - 0x00007ffddbb8f000 	C:\WINDOWS\System32\WS2_32.dll
0x00007ffdd6cc0000 - 0x00007ffdd6ce4000 	C:\WINDOWS\SYSTEM32\WINMM.dll
0x00007ffdd41a0000 - 0x00007ffdd41aa000 	C:\WINDOWS\SYSTEM32\VERSION.dll
0x00007ffdd6b60000 - 0x00007ffdd6b8d000 	C:\WINDOWS\SYSTEM32\WINMMBASE.dll
0x00007ffdda060000 - 0x00007ffdda0aa000 	C:\WINDOWS\System32\cfgmgr32.dll
0x00007ffdd9060000 - 0x00007ffdd9071000 	C:\WINDOWS\System32\kernel.appcore.dll
0x00007ffdcd340000 - 0x00007ffdcd351000 	C:\Program Files\JetBrains\IntelliJ IDEA Community Edition 2019.2.3\jbr\bin\verify.dll
0x00007ffdc7d00000 - 0x00007ffdc7ef4000 	C:\WINDOWS\SYSTEM32\DBGHELP.DLL
0x00007ffdc7b90000 - 0x00007ffdc7bba000 	C:\WINDOWS\SYSTEM32\dbgcore.DLL
0x00007ffdc3050000 - 0x00007ffdc3079000 	C:\Program Files\JetBrains\IntelliJ IDEA Community Edition 2019.2.3\jbr\bin\java.dll
0x00007ffdb34a0000 - 0x00007ffdb34d4000 	C:\Program Files\JetBrains\IntelliJ IDEA Community Edition 2019.2.3\jbr\bin\instrument.dll
0x00007ffdcb850000 - 0x00007ffdcb867000 	C:\Program Files\JetBrains\IntelliJ IDEA Community Edition 2019.2.3\jbr\bin\zip.dll
0x00007ffdd4710000 - 0x00007ffdd471b000 	C:\Program Files\JetBrains\IntelliJ IDEA Community Edition 2019.2.3\jbr\bin\jimage.dll
0x00007ffddb430000 - 0x00007ffddbb15000 	C:\WINDOWS\System32\SHELL32.dll
0x00007ffddac10000 - 0x00007ffddacb9000 	C:\WINDOWS\System32\shcore.dll
0x00007ffdd9110000 - 0x00007ffdd988f000 	C:\WINDOWS\System32\windows.storage.dll
0x00007ffdd9080000 - 0x00007ffdd909f000 	C:\WINDOWS\System32\profapi.dll
0x00007ffdd90c0000 - 0x00007ffdd910a000 	C:\WINDOWS\System32\powrprof.dll
0x00007ffdd9050000 - 0x00007ffdd9060000 	C:\WINDOWS\System32\UMPDC.dll
0x00007ffddaec0000 - 0x00007ffddaf12000 	C:\WINDOWS\System32\shlwapi.dll
0x00007ffdda0e0000 - 0x00007ffdda0f7000 	C:\WINDOWS\System32\cryptsp.dll
0x00007ffdc8890000 - 0x00007ffdc88aa000 	C:\Program Files\JetBrains\IntelliJ IDEA Community Edition 2019.2.3\jbr\bin\net.dll
0x00007ffdd2370000 - 0x00007ffdd2460000 	C:\WINDOWS\SYSTEM32\WINHTTP.dll
0x00007ffdcea10000 - 0x00007ffdcebe6000 	C:\WINDOWS\SYSTEM32\urlmon.dll
0x00007ffdce760000 - 0x00007ffdcea06000 	C:\WINDOWS\SYSTEM32\iertutil.dll
0x00007ffdd8a30000 - 0x00007ffdd8a3c000 	C:\WINDOWS\SYSTEM32\CRYPTBASE.DLL
0x00007ffdd8860000 - 0x00007ffdd88c7000 	C:\WINDOWS\system32\mswsock.dll
0x00007ffdc4a90000 - 0x00007ffdc4aa4000 	C:\Program Files\JetBrains\IntelliJ IDEA Community Edition 2019.2.3\jbr\bin\nio.dll
0x00007ffdb68e0000 - 0x00007ffdb68fa000 	C:\Program Files\JetBrains\IntelliJ IDEA Community Edition 2019.2.3\bin\breakgen64.dll
0x00007ffdaeec0000 - 0x00007ffdaef24000 	C:\Users\micha\AppData\Local\Temp\lwjglmicha\3.2.3-build-13\lwjgl.dll
0x00007ffd9c280000 - 0x00007ffd9c4d3000 	C:\Users\micha\AppData\Local\Temp\lwjglmicha\3.2.3-build-13\jemalloc.dll
0x00007ffda9d10000 - 0x00007ffda9d72000 	C:\Users\micha\AppData\Local\Temp\lwjglmicha\3.2.3-build-13\glfw.dll
0x00007ffdd73d0000 - 0x00007ffdd7469000 	C:\WINDOWS\system32\uxtheme.dll
0x00007ffdab9d0000 - 0x00007ffdaba13000 	C:\WINDOWS\SYSTEM32\dinput8.dll
0x00007ffdab9b0000 - 0x00007ffdab9c1000 	C:\WINDOWS\SYSTEM32\xinput1_4.dll
0x00007ffdd8e50000 - 0x00007ffdd8e7a000 	C:\WINDOWS\SYSTEM32\DEVOBJ.dll
0x00007ffdd77f0000 - 0x00007ffdd781d000 	C:\WINDOWS\SYSTEM32\dwmapi.dll
0x00007ffddb130000 - 0x00007ffddb266000 	C:\WINDOWS\System32\MSCTF.dll
0x00007ffddbf90000 - 0x00007ffddc054000 	C:\WINDOWS\System32\OLEAUT32.dll
0x00007ffdd7c60000 - 0x00007ffdd7c6e000 	C:\WINDOWS\SYSTEM32\HID.DLL
0x00007ffdca490000 - 0x00007ffdca5aa000 	C:\WINDOWS\SYSTEM32\inputhost.dll
0x00007ffdd6b90000 - 0x00007ffdd6c64000 	C:\WINDOWS\SYSTEM32\CoreMessaging.dll
0x00007ffdd4c30000 - 0x00007ffdd4f5a000 	C:\WINDOWS\SYSTEM32\CoreUIComponents.dll
0x00007ffdd5a00000 - 0x00007ffdd5aef000 	C:\WINDOWS\SYSTEM32\PROPSYS.dll
0x00007ffdd4a50000 - 0x00007ffdd4ba3000 	C:\WINDOWS\SYSTEM32\wintypes.dll
0x00007ffdd80b0000 - 0x00007ffdd80e1000 	C:\WINDOWS\SYSTEM32\ntmarta.dll
0x00007ffdda570000 - 0x00007ffdda9e0000 	C:\WINDOWS\System32\SETUPAPI.DLL
0x00007ffdda200000 - 0x00007ffdda226000 	C:\WINDOWS\System32\bcrypt.dll
0x00007ffdda000000 - 0x00007ffdda05c000 	C:\WINDOWS\System32\WINTRUST.dll
0x00007ffdd90a0000 - 0x00007ffdd90b2000 	C:\WINDOWS\System32\MSASN1.dll
0x00007ffdd9890000 - 0x00007ffdd99d9000 	C:\WINDOWS\System32\CRYPT32.dll
0x00007ffd9bc70000 - 0x00007ffd9bdc6000 	C:\WINDOWS\SYSTEM32\opengl32.dll
0x00007ffdc1e50000 - 0x00007ffdc1e7c000 	C:\WINDOWS\SYSTEM32\GLU32.dll
0x00007ffdd7d30000 - 0x00007ffdd7d50000 	C:\WINDOWS\SYSTEM32\dxcore.dll
0x000000006c550000 - 0x000000006eb89000 	C:\WINDOWS\System32\DriverStore\FileRepository\nv_dispi.inf_amd64_827405c7c65146ab\nvoglv64.dll
0x00007ffddaf20000 - 0x00007ffddb076000 	C:\WINDOWS\System32\ole32.dll
0x00007ffdd5b50000 - 0x00007ffdd5b63000 	C:\WINDOWS\SYSTEM32\WTSAPI32.dll
0x00007ffdb2ec0000 - 0x00007ffdb3181000 	C:\WINDOWS\system32\nvspcap64.dll
0x00007ffdd8a40000 - 0x00007ffdd8a9c000 	C:\WINDOWS\SYSTEM32\WINSTA.dll
0x00007ffdca5b0000 - 0x00007ffdca64e000 	C:\WINDOWS\System32\TextInputFramework.dll
0x00007ffda7c70000 - 0x00007ffda7cc9000 	C:\Users\micha\AppData\Local\Temp\lwjglmicha\3.2.3-build-13\lwjgl_opengl.dll
0x00007ffd9c630000 - 0x00007ffd9c6a7000 	C:\Users\micha\AppData\Local\Temp\lwjglmicha\3.2.3-build-13\lwjgl_stb.dll

dbghelp: loaded successfully - version: 4.0.5 - missing functions: none
symbol engine: initialized successfully - sym options: 0x614 - pdb path: .;C:\Program Files\JetBrains\IntelliJ IDEA Community Edition 2019.2.3\jbr\bin;C:\WINDOWS\SYSTEM32;C:\WINDOWS\WinSxS\amd64_microsoft.windows.common-controls_6595b64144ccf1df_6.0.18362.418_none_e6c6b287130d565d;C:\Program Files\JetBrains\IntelliJ IDEA Community Edition 2019.2.3\jbr\bin\server;C:\Program Files\JetBrains\IntelliJ IDEA Community Edition 2019.2.3\bin;C:\Users\micha\AppData\Local\Temp\lwjglmicha\3.2.3-build-13;C:\WINDOWS\System32\DriverStore\FileRepository\nv_dispi.inf_amd64_827405c7c65146ab

VM Arguments:
jvm_args: -javaagent:C:\Program Files\JetBrains\IntelliJ IDEA Community Edition 2019.2.3\lib\idea_rt.jar=61214:C:\Program Files\JetBrains\IntelliJ IDEA Community Edition 2019.2.3\bin -Dfile.encoding=UTF-8 
java_command: Klicek
java_class_path (initial): D:\JavaProgramko\KZPJ\KZP\out\production\KZP;D:\JavaProgramko\KZPJ\KZP\out\production\transforms-master;D:\JavaProgramko\KZPJ\lwjgl-stable-2019-09-19-custom\lwjgl-assimp-natives-windows.jar;D:\JavaProgramko\KZPJ\lwjgl-stable-2019-09-19-custom\lwjgl-assimp.jar;D:\JavaProgramko\KZPJ\lwjgl-stable-2019-09-19-custom\lwjgl-bgfx-natives-windows.jar;D:\JavaProgramko\KZPJ\lwjgl-stable-2019-09-19-custom\lwjgl-bgfx.jar;D:\JavaProgramko\KZPJ\lwjgl-stable-2019-09-19-custom\lwjgl-cuda.jar;D:\JavaProgramko\KZPJ\lwjgl-stable-2019-09-19-custom\lwjgl-egl.jar;D:\JavaProgramko\KZPJ\lwjgl-stable-2019-09-19-custom\lwjgl-glfw-natives-windows.jar;D:\JavaProgramko\KZPJ\lwjgl-stable-2019-09-19-custom\lwjgl-glfw.jar;D:\JavaProgramko\KZPJ\lwjgl-stable-2019-09-19-custom\lwjgl-jawt.jar;D:\JavaProgramko\KZPJ\lwjgl-stable-2019-09-19-custom\lwjgl-jemalloc-natives-windows.jar;D:\JavaProgramko\KZPJ\lwjgl-stable-2019-09-19-custom\lwjgl-jemalloc.jar;D:\JavaProgramko\KZPJ\lwjgl-stable-2019-09-19-custom\lwjgl-libdivide-natives-windows.jar;D:\JavaProgramko\KZPJ\lwjgl-stable-2019-09-19-custom\lwjgl-libdivide.jar;D:\JavaProgramko\KZPJ\lwjgl-stable-2019-09-19-custom\lwjgl-llvm-natives-windows.jar;D:\JavaProgramko\KZPJ\lwjgl-stable-2019-09-19-custom\lwjgl-llvm.jar;D:\JavaProgramko\KZPJ\lwjgl-stable-2019-09-19-custom\lwjgl-lmdb-natives-windows.jar;D:\JavaProgramko\KZPJ\lwjgl-stable-2019-09-19-custom\lwjgl-lmdb.jar;D:\JavaProgramko\KZPJ\lwjgl-stable-2019-09-19-custom\lwjgl-lz4-natives-windows.jar;D:\JavaProgramko\KZPJ\lwjgl-stable-2019-09-19-custom\lwjgl-lz4.jar;D:\JavaProgramko\KZPJ\lwjgl-stable-2019-09-19-custom\lwjgl-meow-natives-windows.jar;D:\JavaProgramko\KZPJ\lwjgl-stable-2019-09-19-custom\lwjgl-meow.jar;D:\JavaProgramko\KZPJ\lwjgl-stable-2019-09-19-custom\lwjgl-nanovg-natives-windows.jar;D:\JavaProgramko\KZPJ\lwjgl-stable-2019-09-19-custom\lwjgl-nanovg.jar;D:\JavaProgramko\KZPJ\lwjgl-stable-2019-09-19-custom\lwjgl-natives-windows.jar;D:\JavaProgramko\KZPJ\lwjgl-stable-2019-0
Launcher Type: SUN_STANDARD

[Global flags]
     intx CICompilerCount                          = 3                                         {product} {ergonomic}
     uint ConcGCThreads                            = 1                                         {product} {ergonomic}
     uint G1ConcRefinementThreads                  = 4                                         {product} {ergonomic}
   size_t G1HeapRegionSize                         = 1048576                                   {product} {ergonomic}
    uintx GCDrainStackTargetSize                   = 64                                        {product} {ergonomic}
   size_t InitialHeapSize                          = 134217728                                 {product} {ergonomic}
   size_t MarkStackSize                            = 4194304                                   {product} {ergonomic}
   size_t MaxHeapSize                              = 2134900736                                {product} {ergonomic}
   size_t MaxNewSize                               = 1280311296                                {product} {ergonomic}
   size_t MinHeapDeltaBytes                        = 1048576                                   {product} {ergonomic}
    uintx NonNMethodCodeHeapSize                   = 5830092                                {pd product} {ergonomic}
    uintx NonProfiledCodeHeapSize                  = 122914074                              {pd product} {ergonomic}
    uintx ProfiledCodeHeapSize                     = 122914074                              {pd product} {ergonomic}
    uintx ReservedCodeCacheSize                    = 251658240                              {pd product} {ergonomic}
     bool SegmentedCodeCache                       = true                                      {product} {ergonomic}
     bool UseCompressedClassPointers               = true                                 {lp64_product} {ergonomic}
     bool UseCompressedOops                        = true                                 {lp64_product} {ergonomic}
     bool UseG1GC                                  = true                                      {product} {ergonomic}
     bool UseLargePagesIndividualAllocation        = false                                  {pd product} {ergonomic}

Logging:
Log output configuration:
 #0: stdout all=warning uptime,level,tags
 #1: stderr all=off uptime,level,tags

Environment Variables:
PATH=C:\Windows\system32;C:\Windows;C:\Windows\System32\Wbem;C:\Windows\System32\WindowsPowerShell\v1.0\;C:\Program Files\NVIDIA Corporation\NVIDIA NvDLISR;C:\WINDOWS\system32;C:\WINDOWS;C:\WINDOWS\System32\Wbem;C:\WINDOWS\System32\WindowsPowerShell\v1.0\;C:\WINDOWS\System32\OpenSSH\;C:\Program Files (x86)\NVIDIA Corporation\PhysX\Common;C:\Users\micha\AppData\Local\Microsoft\WindowsApps;;C:\Program Files\JetBrains\IntelliJ IDEA Community Edition 2019.2.3\bin;
USERNAME=micha
OS=Windows_NT
PROCESSOR_IDENTIFIER=Intel64 Family 6 Model 58 Stepping 9, GenuineIntel



---------------  S Y S T E M  ---------------

OS: Windows 10 , 64 bit Build 18362 (10.0.18362.329)

CPU:total 4 (initial active 4) (4 cores per cpu, 1 threads per core) family 6 model 58 stepping 9, cmov, cx8, fxsr, mmx, sse, sse2, sse3, ssse3, sse4.1, sse4.2, popcnt, avx, aes, clmul, erms, tsc, tscinvbit, tscinv

Memory: 4k page, system-wide physical 8141M (3171M free)
TotalPageFile size 14285M (AvailPageFile size 5137M)
current process WorkingSet (physical memory assigned to process): 131M, peak: 135M
current process commit charge ("private bytes"): 265M, peak: 270M

vm_info: OpenJDK 64-Bit Server VM (11.0.4+10-b304.69) for windows-amd64 JRE (11.0.4+10-b304.69), built on Sep  9 2019 11:39:50 by "" with MS VC++ 14.0 (VS2015)

END.
